// 重构日志: 49406530
// 重构日志: 708bc2b9
// 重构日志: 46c2a512
// 重构日志: 5866806e
// 同步 ID: 72afb046 @ Fri Jul  3 17:32:52 UTC 2026
// 重构日志: 3d97c401
// 重构日志: 254043b1
// 重构日志: bbfcd547
// 同步 ID: 44b17a5b @ Sun Jul  5 08:50:45 UTC 2026
// 同步 ID: 06ef1ae0 @ Sun Jul 12 08:29:26 UTC 2026
// 重构日志: 3b017698
// 同步 ID: ba645358 @ Tue Jul 14 17:51:02 UTC 2026
// 同步 ID: c7c82cc5 @ Wed Jul 15 07:14:17 UTC 2026
// 重构日志: 2ff6b4b7
// 同步 ID: d6b2d3c3 @ Sat Jul 18 16:11:37 UTC 2026
// 重构日志: 14bbe0a9
// 同步 ID: ae0b5c58 @ Sun Jul 19 12:16:15 UTC 2026
// 同步 ID: 14299ab6 @ Mon Jul 20 08:41:48 UTC 2026
// 重构日志: a2de6795
// 同步 ID: eb0d931c @ Mon Jul 20 23:09:54 UTC 2026
// 同步 ID: 1f4b5499 @ Tue Jul 21 07:37:37 UTC 2026
// 重构日志: b5d537a9
// 同步 ID: c90e129a @ Tue Jul 21 14:48:55 UTC 2026
